<testsuite name="milestone2_portal_explorer_service.Portal Explorer Service" tests="5" errors="0" failures="0" skipped="0" time="0.006665" timestamp="2025-03-12T21:43:53.219331" hostname="Victors-MBP.attlocal.net"><testcase classname="milestone2_portal_explorer_service.Portal Explorer Service" name="Create PortalExplorer Class" status="passed" time="0.000747"><system-out>
<![CDATA[
@scenario.begin

  @REQ-2.1
  Scenario: Create PortalExplorer Class
    Given I have a valid Gather.town API key ... passed in 0.000s
    And I have access to a Gather.town space with multiple maps and portals ... passed in 0.000s
    Given I need to analyze portal structures ... passed in 0.000s
    When I create a PortalExplorer class ... passed in 0.001s
    Then it should initialize with a client and output directory ... passed in 0.000s
    And it should have the basic structure for portal analysis ... passed in 0.000s

@scenario.end
--------------------------------------------------------------------------------
]]>
</system-out></testcase><testcase classname="milestone2_portal_explorer_service.Portal Explorer Service" name="Analyze Portals in a Single Map" status="passed" time="0.00079"><system-out>
<![CDATA[
@scenario.begin

  @REQ-2.2
  Scenario: Analyze Portals in a Single Map
    Given I have a valid Gather.town API key ... passed in 0.000s
    And I have access to a Gather.town space with multiple maps and portals ... passed in 0.000s
    Given I have a PortalExplorer instance ... passed in 0.000s
    When I call the analyze_map_portals method for a specific map ... passed in 0.000s
    Then it should extract all portals from the map ... passed in 0.000s
    And it should analyze the portal data ... passed in 0.000s
    And it should return structured portal information ... passed in 0.000s

@scenario.end
--------------------------------------------------------------------------------
]]>
</system-out></testcase><testcase classname="milestone2_portal_explorer_service.Portal Explorer Service" name="Analyze Portals Across Multiple Maps" status="passed" time="0.002401"><system-out>
<![CDATA[
@scenario.begin

  @REQ-2.3
  Scenario: Analyze Portals Across Multiple Maps
    Given I have a valid Gather.town API key ... passed in 0.001s
    And I have access to a Gather.town space with multiple maps and portals ... passed in 0.000s
    Given I have a PortalExplorer instance ... passed in 0.001s
    When I call the analyze_all_maps method ... passed in 0.000s
    Then it should process all maps in the space ... passed in 0.000s
    And it should aggregate portal data across maps ... passed in 0.000s
    And it should return comprehensive portal information for the entire space ... passed in 0.000s

@scenario.end
--------------------------------------------------------------------------------
]]>
</system-out></testcase><testcase classname="milestone2_portal_explorer_service.Portal Explorer Service" name="Analyze Portal Connections Between Maps" status="passed" time="0.000593"><system-out>
<![CDATA[
@scenario.begin

  @REQ-2.4
  Scenario: Analyze Portal Connections Between Maps
    Given I have a valid Gather.town API key ... passed in 0.000s
    And I have access to a Gather.town space with multiple maps and portals ... passed in 0.000s
    Given I have portal data from multiple maps ... passed in 0.000s
    When I analyze the portal connections ... passed in 0.000s
    Then it should identify bidirectional portals ... passed in 0.000s
    And it should create a connection graph between maps ... passed in 0.000s
    And it should detect orphaned or one-way portals ... passed in 0.000s

@scenario.end
--------------------------------------------------------------------------------
]]>
</system-out></testcase><testcase classname="milestone2_portal_explorer_service.Portal Explorer Service" name="Generate Structured Output for Analysis Results" status="passed" time="0.002135"><system-out>
<![CDATA[
@scenario.begin

  @REQ-2.5
  Scenario: Generate Structured Output for Analysis Results
    Given I have a valid Gather.town API key ... passed in 0.000s
    And I have access to a Gather.town space with multiple maps and portals ... passed in 0.000s
    Given I have completed portal analysis ... passed in 0.000s
    When I save the results to JSON ... passed in 0.001s
    Then the output should have a structured format ... passed in 0.000s
    And it should include all portal information ... passed in 0.000s
    And it should be saved to the specified output directory ... passed in 0.000s

@scenario.end
--------------------------------------------------------------------------------
]]>
</system-out></testcase></testsuite>
