<testsuite name="milestone5_documentation_examples.Documentation &amp; Examples" tests="6" errors="0" failures="0" skipped="0" time="0.002029" timestamp="2025-03-12T21:43:53.245685" hostname="Victors-MBP.attlocal.net"><testcase classname="milestone5_documentation_examples.Documentation &amp; Examples" name="Update README" status="passed" time="0.000201"><system-out>
<![CDATA[
@scenario.begin

  @REQ-5.1
  Scenario: Update README
    Given I have the Portal Explorer codebase ... passed in 0.000s
    And all features are implemented and tested ... passed in 0.000s
    Given I need to document the Portal Explorer ... passed in 0.000s
    When I update the README.md file ... passed in 0.000s
    Then it should include comprehensive installation instructions ... passed in 0.000s
    And it should provide basic usage examples ... passed in 0.000s
    And it should explain the purpose and features of the tool ... passed in 0.000s

@scenario.end
--------------------------------------------------------------------------------
]]>
</system-out></testcase><testcase classname="milestone5_documentation_examples.Documentation &amp; Examples" name="Create Example Scripts" status="passed" time="0.000199"><system-out>
<![CDATA[
@scenario.begin

  @REQ-5.2
  Scenario: Create Example Scripts
    Given I have the Portal Explorer codebase ... passed in 0.000s
    And all features are implemented and tested ... passed in 0.000s
    Given I need to demonstrate the Portal Explorer functionality ... passed in 0.000s
    When I implement example scripts ... passed in 0.000s
    Then they should demonstrate portal analysis ... passed in 0.000s
    And they should include detailed comments explaining the functionality ... passed in 0.000s
    And they should be runnable with minimal setup ... passed in 0.000s

@scenario.end
--------------------------------------------------------------------------------
]]>
</system-out></testcase><testcase classname="milestone5_documentation_examples.Documentation &amp; Examples" name="Document CLI Usage" status="passed" time="0.000557"><system-out>
<![CDATA[
@scenario.begin

  @REQ-5.3
  Scenario: Document CLI Usage
    Given I have the Portal Explorer codebase ... passed in 0.000s
    And all features are implemented and tested ... passed in 0.000s
    Given I have implemented the CLI ... passed in 0.000s
    When I create CLI usage documentation ... passed in 0.000s
    Then it should include examples for all commands ... passed in 0.000s
    And it should explain all available options ... passed in 0.000s
    And it should provide real-world usage scenarios ... passed in 0.000s

@scenario.end
--------------------------------------------------------------------------------
]]>
</system-out></testcase><testcase classname="milestone5_documentation_examples.Documentation &amp; Examples" name="Add Code Documentation" status="passed" time="0.000613"><system-out>
<![CDATA[
@scenario.begin

  @REQ-5.4
  Scenario: Add Code Documentation
    Given I have the Portal Explorer codebase ... passed in 0.000s
    And all features are implemented and tested ... passed in 0.000s
    Given I have implemented all components ... passed in 0.000s
    When I add code documentation ... passed in 0.000s
    Then all classes and methods should have docstrings ... passed in 0.000s
    And the codebase should have type hints throughout ... passed in 0.000s
    And the documentation should follow a consistent style ... passed in 0.000s

@scenario.end
--------------------------------------------------------------------------------
]]>
</system-out></testcase><testcase classname="milestone5_documentation_examples.Documentation &amp; Examples" name="Create User Guide" status="passed" time="0.000196"><system-out>
<![CDATA[
@scenario.begin

  @REQ-5.5
  Scenario: Create User Guide
    Given I have the Portal Explorer codebase ... passed in 0.000s
    And all features are implemented and tested ... passed in 0.000s
    Given I need comprehensive user documentation ... passed in 0.000s
    When I create a user guide ... passed in 0.000s
    Then it should include detailed usage instructions ... passed in 0.000s
    And it should have a troubleshooting section ... passed in 0.000s
    And it should cover all features of the Portal Explorer ... passed in 0.000s

@scenario.end
--------------------------------------------------------------------------------
]]>
</system-out></testcase><testcase classname="milestone5_documentation_examples.Documentation &amp; Examples" name="BDD Documentation Integration" status="passed" time="0.000262"><system-out>
<![CDATA[
@scenario.begin

  @REQ-5.6
  Scenario: BDD Documentation Integration
    Given I have the Portal Explorer codebase ... passed in 0.000s
    And all features are implemented and tested ... passed in 0.000s
    Given I have BDD scenarios for all features ... passed in 0.000s
    When I generate documentation from BDD scenarios ... passed in 0.000s
    Then the documentation should be comprehensive ... passed in 0.000s
    And it should show test coverage for each requirement ... passed in 0.000s
    And it should be accessible to both users and developers ... passed in 0.000s

@scenario.end
--------------------------------------------------------------------------------
]]>
</system-out></testcase></testsuite>