<testsuite name="milestone4_testing_quality_assurance.Testing &amp; Quality Assurance" tests="6" errors="0" failures="0" skipped="0" time="0.009059" timestamp="2025-03-12T21:43:53.240795" hostname="Victors-MBP.attlocal.net"><testcase classname="milestone4_testing_quality_assurance.Testing &amp; Quality Assurance" name="Create Model Tests" status="passed" time="0.002207"><system-out>
<![CDATA[
@scenario.begin

  @REQ-4.1
  Scenario: Create Model Tests
    Given I have the Portal Explorer codebase ... passed in 0.000s
    And I have set up the testing framework ... passed in 0.000s
    Given I have data models for the Portal Explorer ... passed in 0.001s
    When I implement tests for all data models ... passed in 0.001s
    Then the tests should verify model validation ... passed in 0.000s
    And the tests should cover portal object validation ... passed in 0.000s
    And the test coverage for models should be at least 90% ... passed in 0.000s

@scenario.end
--------------------------------------------------------------------------------
]]>
</system-out></testcase><testcase classname="milestone4_testing_quality_assurance.Testing &amp; Quality Assurance" name="Enhance API Client Tests" status="passed" time="0.00092"><system-out>
<![CDATA[
@scenario.begin

  @REQ-4.2
  Scenario: Enhance API Client Tests
    Given I have the Portal Explorer codebase ... passed in 0.000s
    And I have set up the testing framework ... passed in 0.000s
    Given I have the GatherClient implementation ... passed in 0.000s
    When I add tests for portal functionality ... passed in 0.000s
    Then the tests should use mock API responses ... passed in 0.000s
    And the tests should verify correct portal extraction ... passed in 0.000s
    And the test coverage for the API client should be at least 90% ... passed in 0.000s

@scenario.end
--------------------------------------------------------------------------------
]]>
</system-out></testcase><testcase classname="milestone4_testing_quality_assurance.Testing &amp; Quality Assurance" name="Create Explorer Service Tests" status="passed" time="0.001368"><system-out>
<![CDATA[
@scenario.begin

  @REQ-4.3
  Scenario: Create Explorer Service Tests
    Given I have the Portal Explorer codebase ... passed in 0.000s
    And I have set up the testing framework ... passed in 0.000s
    Given I have the PortalExplorer service ... passed in 0.000s
    When I implement tests for the service ... passed in 0.001s
    Then the tests should verify portal analysis functionality ... passed in 0.000s
    And the tests should cover connection analysis ... passed in 0.000s
    And the test coverage for the service should be at least 90% ... passed in 0.000s

@scenario.end
--------------------------------------------------------------------------------
]]>
</system-out></testcase><testcase classname="milestone4_testing_quality_assurance.Testing &amp; Quality Assurance" name="Implement CLI Tests" status="passed" time="0.001285"><system-out>
<![CDATA[
@scenario.begin

  @REQ-4.4
  Scenario: Implement CLI Tests
    Given I have the Portal Explorer codebase ... passed in 0.000s
    And I have set up the testing framework ... passed in 0.000s
    Given I have the CLI implementation ... passed in 0.000s
    When I add tests for CLI commands ... passed in 0.001s
    Then the tests should verify command functionality ... passed in 0.000s
    And the tests should cover error handling ... passed in 0.000s
    And the test coverage for the CLI should be at least 90% ... passed in 0.000s

@scenario.end
--------------------------------------------------------------------------------
]]>
</system-out></testcase><testcase classname="milestone4_testing_quality_assurance.Testing &amp; Quality Assurance" name="Create Integration Tests" status="passed" time="0.002812"><system-out>
<![CDATA[
@scenario.begin

  @REQ-4.5
  Scenario: Create Integration Tests
    Given I have the Portal Explorer codebase ... passed in 0.000s
    And I have set up the testing framework ... passed in 0.000s
    Given I have all components of the Portal Explorer ... passed in 0.002s
    When I implement integration tests ... passed in 0.001s
    Then the tests should verify the full workflow ... passed in 0.000s
    And the tests should use both mock data and real data ... passed in 0.000s
    And the integration tests should cover all main use cases ... passed in 0.000s

@scenario.end
--------------------------------------------------------------------------------
]]>
</system-out></testcase><testcase classname="milestone4_testing_quality_assurance.Testing &amp; Quality Assurance" name="BDD Test Integration" status="passed" time="0.000467"><system-out>
<![CDATA[
@scenario.begin

  @REQ-4.6
  Scenario: BDD Test Integration
    Given I have the Portal Explorer codebase ... passed in 0.000s
    And I have set up the testing framework ... passed in 0.000s
    Given I have BDD scenarios for all features ... passed in 0.000s
    When I implement step definitions for all scenarios ... passed in 0.000s
    Then all BDD tests should pass ... passed in 0.000s
    And the BDD tests should cover all requirements ... passed in 0.000s
    And the BDD tests should be integrated with the CI pipeline ... passed in 0.000s

@scenario.end
--------------------------------------------------------------------------------
]]>
</system-out></testcase></testsuite>