<testsuite name="bdd_integration.BDD Integration" tests="6" errors="0" failures="1" skipped="0" time="0.001928" timestamp="2025-03-15T10:52:53.388133" hostname="Victors-MBP.attlocal.net"><testcase classname="bdd_integration.BDD Integration" name="Set Up BDD Framework" status="passed" time="0.000418"><system-out>
<![CDATA[
@scenario.begin

  @BDD-1
  Scenario: Set Up BDD Framework
    Given I have a project with BDD features and scenarios ... passed in 0.000s
    And I have the necessary BDD tools installed ... passed in 0.000s
    Given I need to implement BDD testing ... passed in 0.000s
    When I set up the BDD framework ... passed in 0.000s
    Then it should have the correct directory structure ... passed in 0.000s
    And it should include necessary configuration files ... passed in 0.000s
    And it should support both behave and pytest-bdd ... passed in 0.000s

@scenario.end
--------------------------------------------------------------------------------
]]>
</system-out></testcase><testcase classname="bdd_integration.BDD Integration" name="Implement Step Definitions" status="passed" time="0.000557"><system-out>
<![CDATA[
@scenario.begin

  @BDD-2
  Scenario: Implement Step Definitions
    Given I have a project with BDD features and scenarios ... passed in 0.000s
    And I have the necessary BDD tools installed ... passed in 0.000s
    Given I have BDD scenarios ... passed in 0.000s
    When I implement step definitions for all scenarios ... passed in 0.000s
    Then each step should be mapped to a Python function ... passed in 0.000s
    And the step definitions should be organized by feature ... passed in 0.000s
    And the step definitions should be reusable across scenarios ... passed in 0.000s

@scenario.end
--------------------------------------------------------------------------------
]]>
</system-out></testcase><testcase classname="bdd_integration.BDD Integration" name="Integrate BDD with CI Pipeline" status="passed" time="0.000237"><system-out>
<![CDATA[
@scenario.begin

  @BDD-3
  Scenario: Integrate BDD with CI Pipeline
    Given I have a project with BDD features and scenarios ... passed in 0.000s
    And I have the necessary BDD tools installed ... passed in 0.000s
    Given I have a CI pipeline ... passed in 0.000s
    When I integrate BDD tests into the pipeline ... passed in 0.000s
    Then BDD tests should run automatically on each commit ... passed in 0.000s
    And test results should be reported in the CI dashboard ... passed in 0.000s
    And failed BDD tests should block merges ... passed in 0.000s

@scenario.end
--------------------------------------------------------------------------------
]]>
</system-out></testcase><testcase classname="bdd_integration.BDD Integration" name="Generate Documentation from BDD" status="passed" time="0.000343"><system-out>
<![CDATA[
@scenario.begin

  @BDD-4
  Scenario: Generate Documentation from BDD
    Given I have a project with BDD features and scenarios ... passed in 0.000s
    And I have the necessary BDD tools installed ... passed in 0.000s
    Given I have BDD scenarios with step definitions ... passed in 0.000s
    When I generate documentation from BDD scenarios ... passed in 0.000s
    Then it should create human-readable documentation ... passed in 0.000s
    And it should show the relationship between requirements and tests ... passed in 0.000s
    And it should include test status for each scenario ... passed in 0.000s

@scenario.end
--------------------------------------------------------------------------------
]]>
</system-out></testcase><testcase classname="bdd_integration.BDD Integration" name="Track BDD Test Coverage" status="failed" time="0.000163"><failure type="AssertionError" message="Feature file should contain requirement tags">
<![CDATA[
Failing step: Given I have BDD scenarios mapped to requirements ... failed in 0.000s
Location: features/bdd_integration.feature:44
Assertion Failed: Feature file should contain requirement tags]]>
</failure><system-out>
<![CDATA[
@scenario.begin

  @BDD-5
  Scenario: Track BDD Test Coverage
    Given I have a project with BDD features and scenarios ... passed in 0.000s
    And I have the necessary BDD tools installed ... passed in 0.000s
    Given I have BDD scenarios mapped to requirements ... failed in 0.000s
    When I run the BDD test coverage report ... skipped in 0.000s
    Then it should show which requirements are covered by tests ... skipped in 0.000s
    And it should identify requirements without test coverage ... skipped in 0.000s
    And it should calculate the overall test coverage percentage ... skipped in 0.000s

@scenario.end
--------------------------------------------------------------------------------
]]>
</system-out></testcase><testcase classname="bdd_integration.BDD Integration" name="Automate BDD Test Generation" status="passed" time="0.00021"><system-out>
<![CDATA[
@scenario.begin

  @BDD-6
  Scenario: Automate BDD Test Generation
    Given I have a project with BDD features and scenarios ... passed in 0.000s
    And I have the necessary BDD tools installed ... passed in 0.000s
    Given I have new requirements in the project plan ... passed in 0.000s
    When I use the BDD generator tool ... passed in 0.000s
    Then it should create skeleton BDD scenarios for new requirements ... passed in 0.000s
    And it should suggest step definitions based on existing ones ... passed in 0.000s
    And it should integrate with the existing BDD framework ... passed in 0.000s

@scenario.end
--------------------------------------------------------------------------------
]]>
</system-out></testcase></testsuite>
