<testsuite name="milestone1_portal_functionality.Portal Functionality" tests="4" errors="0" failures="0" skipped="0" time="0.00229" timestamp="2025-03-12T21:43:53.206576" hostname="Victors-MBP.attlocal.net"><testcase classname="milestone1_portal_functionality.Portal Functionality" name="Enhanced Object Model for Portals" status="passed" time="0.000644"><system-out>
<![CDATA[
@scenario.begin

  @REQ-1.1
  Scenario: Enhanced Object Model for Portals
    Given I have a valid Gather.town API key ... passed in 0.000s
    And I have access to a Gather.town space with portals ... passed in 0.000s
    Given I have the space data model ... passed in 0.000s
    When I update the model to include portal-specific properties ... passed in 0.000s
    Then the model should validate portal objects correctly ... passed in 0.000s
    And the model should handle all required portal properties ... passed in 0.000s

@scenario.end
--------------------------------------------------------------------------------
]]>
</system-out></testcase><testcase classname="milestone1_portal_functionality.Portal Functionality" name="Extract Portals from a Map" status="passed" time="0.001142"><system-out>
<![CDATA[
@scenario.begin

  @REQ-1.2
  Scenario: Extract Portals from a Map
    Given I have a valid Gather.town API key ... passed in 0.000s
    And I have access to a Gather.town space with portals ... passed in 0.000s
    Given I have a GatherClient instance ... passed in 0.001s
    When I call the get_portals method for a specific map ... passed in 0.000s
    Then it should return a list of portal objects ... passed in 0.000s
    And each portal should have the correct properties ... passed in 0.000s
    And portals should be filtered from other object types ... passed in 0.000s

@scenario.end
--------------------------------------------------------------------------------
]]>
</system-out></testcase><testcase classname="milestone1_portal_functionality.Portal Functionality" name="Test Portal Extraction with Real Map Data" status="passed" time="0.000224"><system-out>
<![CDATA[
@scenario.begin

  @REQ-1.3
  Scenario: Test Portal Extraction with Real Map Data
    Given I have a valid Gather.town API key ... passed in 0.000s
    And I have access to a Gather.town space with portals ... passed in 0.000s
    Given I have a test script for portal extraction ... passed in 0.000s
    When I run the script against real map data ... passed in 0.000s
    Then it should correctly identify all portals ... passed in 0.000s
    And it should parse portal properties accurately ... passed in 0.000s
    And it should handle different portal configurations ... passed in 0.000s

@scenario.end
--------------------------------------------------------------------------------
]]>
</system-out></testcase><testcase classname="milestone1_portal_functionality.Portal Functionality" name="Unit Tests for Portal Functionality" status="passed" time="0.000279"><system-out>
<![CDATA[
@scenario.begin

  @REQ-1.4
  Scenario: Unit Tests for Portal Functionality
    Given I have a valid Gather.town API key ... passed in 0.000s
    And I have access to a Gather.town space with portals ... passed in 0.000s
    Given I have unit tests for the portal object model ... passed in 0.000s
    And I have unit tests for portal extraction ... passed in 0.000s
    When I run the test suite ... passed in 0.000s
    Then all tests should pass ... passed in 0.000s
    And the tests should cover edge cases ... passed in 0.000s
    And the tests should verify portal property validation ... passed in 0.000s

@scenario.end
--------------------------------------------------------------------------------
]]>
</system-out></testcase></testsuite>
